<!DOCTYPE html PUBLIC "-//W3C//DTD XHTML 1.1//EN" "http://www.w3.org/TR/xhtml11/DTD/xhtml11.dtd">
<html xmlns="http://www.w3.org/1999/xhtml"><head><title>TestNG Report</title><style type="text/css">table {margin-bottom:10px;border-collapse:collapse;empty-cells:show}th,td {border:1px solid #009;padding:.25em .5em}th {vertical-align:bottom}td {vertical-align:top}table a {font-weight:bold}.stripe td {background-color: #E6EBF9}.num {text-align:right}.passedodd td {background-color: #3F3}.passedeven td {background-color: #0A0}.skippedodd td {background-color: #DDD}.skippedeven td {background-color: #CCC}.failedodd td,.attn {background-color: #F33}.failedeven td,.stripe .attn {background-color: #D00}.stacktrace {white-space:pre;font-family:monospace}.totop {font-size:85%;text-align:center;border-bottom:2px solid #000}</style></head><body><table><tr><th>Test</th><th># Passed</th><th># Skipped</th><th># Failed</th><th>Time (ms)</th><th>Included Groups</th><th>Excluded Groups</th></tr><tr><th colspan="7">Default suite</th></tr><tr><td><a href="#t0">Default test</a></td><td class="num">2</td><td class="num attn">2</td><td class="num attn">1</td><td class="num">44,508</td><td></td><td></td></tr></table><table><thead><tr><th>Class</th><th>Method</th><th>Start</th><th>Time (ms)</th></tr></thead><tbody><tr><th colspan="4">Default suite</th></tr></tbody><tbody id="t0"><tr><th colspan="4">Default test &#8212; failed</th></tr><tr class="failedeven"><td rowspan="1">testNG.HousejoyPlumbingPageTest_6</td><td><a href="#m0">testHousejoyPlumbingBookPage</a></td><td rowspan="1">1448021603389</td><td rowspan="1">20960</td></tr><tr><th colspan="4">Default test &#8212; skipped</th></tr><tr class="skippedeven"><td rowspan="2">testNG.HousejoyPlumbingPageTest_6</td><td><a href="#m1">testLeadMasterTableValidation</a></td><td rowspan="1">1448021624356</td><td rowspan="1">0</td></tr><tr class="skippedeven"><td><a href="#m2">testVerifyHousejoyPlumbingThankUPageData</a></td><td rowspan="1">1448021624358</td><td rowspan="1">0</td></tr><tr><th colspan="4">Default test &#8212; passed</th></tr><tr class="passedeven"><td rowspan="2">testNG.HousejoyPlumbingPageTest_6</td><td><a href="#m3">testHousejoyPlumbingPage</a></td><td rowspan="1">1448021584457</td><td rowspan="1">8340</td></tr><tr class="passedeven"><td><a href="#m4">testHousejoyPlumbingSemTrackingTable</a></td><td rowspan="1">1448021592804</td><td rowspan="1">10578</td></tr></tbody></table><h2>Default test</h2><h3 id="m0">testNG.HousejoyPlumbingPageTest_6#testHousejoyPlumbingBookPage</h3><table class="result"><tr class="param"><th>Parameter #1</th></tr><tr class="param stripe"><td>{pinCode=560037, bookingTime=1, location=Marathalli, custEmail=test123@housejoy.in, CouponText=coupon applied, couponCode=autotest1, verifyPage=Thanks for Being Awesome!

You are just one step away from fixing your plumbing problems, verifyMobilePage=You are just one step away from fixing your plumbing problems, locationAddress=Marathalli Bridge}</td></tr><tr><th>Exception</th></tr><tr><td><div class="stacktrace">org.openqa.selenium.NoSuchElementException: Unable to locate element: {&quot;method&quot;:&quot;xpath&quot;,&quot;selector&quot;:&quot;//div[starts-with(@class,&apos;datepicker-days&apos;)]/table/thead/tr[1]/th[3]&quot;}
Command duration or timeout: 20.07 seconds
For documentation on this error, please visit: http://seleniumhq.org/exceptions/no_such_element.html
Build info: version: &apos;2.48.2&apos;, revision: &apos;41bccdd&apos;, time: &apos;2015-10-09 19:59:12&apos;
System info: host: &apos;Kishlay&apos;, ip: &apos;10.10.10.89&apos;, os.name: &apos;Windows 7&apos;, os.arch: &apos;amd64&apos;, os.version: &apos;6.1&apos;, java.version: &apos;1.7.0_79&apos;
*** Element info: {Using=xpath, value=//div[starts-with(@class,&apos;datepicker-days&apos;)]/table/thead/tr[1]/th[3]}
Session ID: 8300f2a6-02b4-4718-954f-391f9df1ead4
Driver info: org.openqa.selenium.firefox.FirefoxDriver
Capabilities [{platform=WINDOWS, acceptSslCerts=true, javascriptEnabled=true, cssSelectorsEnabled=true, databaseEnabled=true, browserName=firefox, handlesAlerts=true, nativeEvents=false, webStorageEnabled=true, rotatable=false, locationContextEnabled=true, applicationCacheEnabled=true, takesScreenshot=true, version=38.4.0}]
	at sun.reflect.NativeConstructorAccessorImpl.newInstance0(Native Method)
	at sun.reflect.NativeConstructorAccessorImpl.newInstance(Unknown Source)
	at sun.reflect.DelegatingConstructorAccessorImpl.newInstance(Unknown Source)
	at java.lang.reflect.Constructor.newInstance(Unknown Source)
	at org.openqa.selenium.remote.ErrorHandler.createThrowable(ErrorHandler.java:206)
	at org.openqa.selenium.remote.ErrorHandler.throwIfResponseFailed(ErrorHandler.java:158)
	at org.openqa.selenium.remote.RemoteWebDriver.execute(RemoteWebDriver.java:647)
	at org.openqa.selenium.remote.RemoteWebDriver.findElement(RemoteWebDriver.java:353)
	at org.openqa.selenium.remote.RemoteWebDriver.findElementByXPath(RemoteWebDriver.java:490)
	at org.openqa.selenium.By$ByXPath.findElement(By.java:361)
	at org.openqa.selenium.remote.RemoteWebDriver.findElement(RemoteWebDriver.java:345)
	at org.openqa.selenium.support.pagefactory.DefaultElementLocator.findElement(DefaultElementLocator.java:69)
	at org.openqa.selenium.support.pagefactory.internal.LocatingElementHandler.invoke(LocatingElementHandler.java:38)
	at com.sun.proxy.$Proxy6.click(Unknown Source)
	at org.housejoy.common.tools.BasePage.clickElement(BasePage.java:84)
	at org.housejoy.common.tools.BasePage.SelectDate(BasePage.java:138)
	at org.housejoy.pom.plumbing.PlumbingServiceRequestPage.selectDateFromDatePicker(PlumbingServiceRequestPage.java:93)
	at testNG.HousejoyPlumbingPageTest_6.testHousejoyPlumbingBookPage(HousejoyPlumbingPageTest_6.java:109)
	at sun.reflect.NativeMethodAccessorImpl.invoke0(Native Method)
	at sun.reflect.NativeMethodAccessorImpl.invoke(Unknown Source)
	at sun.reflect.DelegatingMethodAccessorImpl.invoke(Unknown Source)
	at java.lang.reflect.Method.invoke(Unknown Source)
	at org.testng.internal.MethodInvocationHelper.invokeMethod(MethodInvocationHelper.java:85)
	at org.testng.internal.Invoker.invokeMethod(Invoker.java:639)
	at org.testng.internal.Invoker.invokeTestMethod(Invoker.java:821)
	at org.testng.internal.Invoker.invokeTestMethods(Invoker.java:1131)
	at org.testng.internal.TestMethodWorker.invokeTestMethods(TestMethodWorker.java:124)
	at org.testng.internal.TestMethodWorker.run(TestMethodWorker.java:108)
	at org.testng.TestRunner.privateRun(TestRunner.java:773)
	at org.testng.TestRunner.run(TestRunner.java:623)
	at org.testng.SuiteRunner.runTest(SuiteRunner.java:357)
	at org.testng.SuiteRunner.runSequentially(SuiteRunner.java:352)
	at org.testng.SuiteRunner.privateRun(SuiteRunner.java:310)
	at org.testng.SuiteRunner.run(SuiteRunner.java:259)
	at org.testng.SuiteRunnerWorker.runSuite(SuiteRunnerWorker.java:52)
	at org.testng.SuiteRunnerWorker.run(SuiteRunnerWorker.java:86)
	at org.testng.TestNG.runSuitesSequentially(TestNG.java:1185)
	at org.testng.TestNG.runSuitesLocally(TestNG.java:1110)
	at org.testng.TestNG.run(TestNG.java:1018)
	at org.testng.remote.RemoteTestNG.run(RemoteTestNG.java:111)
	at org.testng.remote.RemoteTestNG.initAndRun(RemoteTestNG.java:204)
	at org.testng.remote.RemoteTestNG.main(RemoteTestNG.java:175)
Caused by: org.openqa.selenium.NoSuchElementException: Unable to locate element: {&quot;method&quot;:&quot;xpath&quot;,&quot;selector&quot;:&quot;//div[starts-with(@class,&apos;datepicker-days&apos;)]/table/thead/tr[1]/th[3]&quot;}
For documentation on this error, please visit: http://seleniumhq.org/exceptions/no_such_element.html
Build info: version: &apos;2.48.2&apos;, revision: &apos;41bccdd&apos;, time: &apos;2015-10-09 19:59:12&apos;
System info: host: &apos;Kishlay&apos;, ip: &apos;10.10.10.89&apos;, os.name: &apos;Windows 7&apos;, os.arch: &apos;amd64&apos;, os.version: &apos;6.1&apos;, java.version: &apos;1.7.0_79&apos;
Driver info: driver.version: unknown
	at &lt;anonymous class&gt;.FirefoxDriver.prototype.findElementInternal_(file:///C:/Users/user/AppData/Local/Temp/anonymous4111463277621909502webdriver-profile/extensions/fxdriver@googlecode.com/components/driver-component.js:10659)
	at &lt;anonymous class&gt;.fxdriver.Timer.prototype.setTimeout/&lt;.notify(file:///C:/Users/user/AppData/Local/Temp/anonymous4111463277621909502webdriver-profile/extensions/fxdriver@googlecode.com/components/driver-component.js:621)
</div></td></tr></table><p class="totop"><a href="#summary">back to summary</a></p><h3 id="m1">testNG.HousejoyPlumbingPageTest_6#testLeadMasterTableValidation</h3><table class="result"><tr><th>Exception</th></tr><tr><td><div class="stacktrace">java.lang.Throwable: Method HousejoyPlumbingPageTest_6.testLeadMasterTableValidation(java.lang.String, java.lang.String, java.lang.String, java.lang.String, java.lang.String, java.lang.String)[pri:0, instance:testNG.HousejoyPlumbingPageTest_6@378d0a23] depends on not successfully finished methods
	at org.testng.internal.Invoker.invokeTestMethods(Invoker.java:1040)
	at org.testng.internal.TestMethodWorker.invokeTestMethods(TestMethodWorker.java:124)
	at org.testng.internal.TestMethodWorker.run(TestMethodWorker.java:108)
	at org.testng.TestRunner.privateRun(TestRunner.java:773)
	at org.testng.TestRunner.run(TestRunner.java:623)
	at org.testng.SuiteRunner.runTest(SuiteRunner.java:357)
	at org.testng.SuiteRunner.runSequentially(SuiteRunner.java:352)
	at org.testng.SuiteRunner.privateRun(SuiteRunner.java:310)
	at org.testng.SuiteRunner.run(SuiteRunner.java:259)
	at org.testng.SuiteRunnerWorker.runSuite(SuiteRunnerWorker.java:52)
	at org.testng.SuiteRunnerWorker.run(SuiteRunnerWorker.java:86)
	at org.testng.TestNG.runSuitesSequentially(TestNG.java:1185)
	at org.testng.TestNG.runSuitesLocally(TestNG.java:1110)
	at org.testng.TestNG.run(TestNG.java:1018)
	at org.testng.remote.RemoteTestNG.run(RemoteTestNG.java:111)
	at org.testng.remote.RemoteTestNG.initAndRun(RemoteTestNG.java:204)
	at org.testng.remote.RemoteTestNG.main(RemoteTestNG.java:175)
</div></td></tr></table><p class="totop"><a href="#summary">back to summary</a></p><h3 id="m2">testNG.HousejoyPlumbingPageTest_6#testVerifyHousejoyPlumbingThankUPageData</h3><table class="result"><tr><th>Exception</th></tr><tr><td><div class="stacktrace">java.lang.Throwable: Method HousejoyPlumbingPageTest_6.testVerifyHousejoyPlumbingThankUPageData(java.lang.String)[pri:0, instance:testNG.HousejoyPlumbingPageTest_6@378d0a23] depends on not successfully finished methods
	at org.testng.internal.Invoker.invokeTestMethods(Invoker.java:1040)
	at org.testng.internal.TestMethodWorker.invokeTestMethods(TestMethodWorker.java:124)
	at org.testng.internal.TestMethodWorker.run(TestMethodWorker.java:108)
	at org.testng.TestRunner.privateRun(TestRunner.java:773)
	at org.testng.TestRunner.run(TestRunner.java:623)
	at org.testng.SuiteRunner.runTest(SuiteRunner.java:357)
	at org.testng.SuiteRunner.runSequentially(SuiteRunner.java:352)
	at org.testng.SuiteRunner.privateRun(SuiteRunner.java:310)
	at org.testng.SuiteRunner.run(SuiteRunner.java:259)
	at org.testng.SuiteRunnerWorker.runSuite(SuiteRunnerWorker.java:52)
	at org.testng.SuiteRunnerWorker.run(SuiteRunnerWorker.java:86)
	at org.testng.TestNG.runSuitesSequentially(TestNG.java:1185)
	at org.testng.TestNG.runSuitesLocally(TestNG.java:1110)
	at org.testng.TestNG.run(TestNG.java:1018)
	at org.testng.remote.RemoteTestNG.run(RemoteTestNG.java:111)
	at org.testng.remote.RemoteTestNG.initAndRun(RemoteTestNG.java:204)
	at org.testng.remote.RemoteTestNG.main(RemoteTestNG.java:175)
</div></td></tr></table><p class="totop"><a href="#summary">back to summary</a></p><h3 id="m3">testNG.HousejoyPlumbingPageTest_6#testHousejoyPlumbingPage</h3><table class="result"><tr class="param"><th>Parameter #1</th></tr><tr class="param stripe"><td>{custMobileNum=1234512345, QA_Url_7=http://qasem.housejoy.in/promotions/plumbing/7?utm_source=INTERNAL_BOT&amp;utm_medium=CPC&amp;utm_term=TEST_TERM&amp;utm_content=TEST_CONTENT&amp;utm_campaign=TESTCAMPAIGN&amp;account=TEST_ACCOUNT&amp;campaign=TEST_CAMPAIGN&amp;adgroup=TEST_ADDGROUP&amp;city=Bangalore, Prod_Url_6=http://plumbing.housejoy.in/promotions/plumbing/6/?utm_source=INTERNAL_BOT&amp;utm_medium=CPC&amp;utm_term=TEST_TERM&amp;utm_content=TEST_CONTENT&amp;utm_campaign=TESTCAMPAIGN&amp;account=TEST_ACCOUNT&amp;campaign=TEST_CAMPAIGN&amp;adgroup=TEST_ADDGROUP&amp;city=Bangalore, Prod_Url_7=http://plumbing.housejoy.in/promotions/plumbing/7/?utm_source=INTERNAL_BOT&amp;utm_medium=CPC&amp;utm_term=TEST_TERM&amp;utm_content=TEST_CONTENT&amp;utm_campaign=TESTCAMPAIGN&amp;account=TEST_ACCOUNT&amp;campaign=TEST_CAMPAIGN&amp;adgroup=TEST_ADDGROUP&amp;city=Bangalore, custEmail=test123@housejoy.in, cityName=Bangalore, custName=Auto Plumbing, QA_Url_6=http://qasem.housejoy.in/promotions/plumbing/6?utm_source=INTERNAL_BOT&amp;utm_medium=CPC&amp;utm_term=TEST_TERM&amp;utm_content=TEST_CONTENT&amp;utm_campaign=TESTCAMPAIGN&amp;account=TEST_ACCOUNT&amp;campaign=TEST_CAMPAIGN&amp;adgroup=TEST_ADDGROUP&amp;city=Bangalore}</td></tr></table><p class="totop"><a href="#summary">back to summary</a></p><h3 id="m4">testNG.HousejoyPlumbingPageTest_6#testHousejoyPlumbingSemTrackingTable</h3><table class="result"><tr class="param"><th>Parameter #1</th></tr><tr class="param stripe"><td>{utm_content=TEST_CONTENT, utm_medium=CPC, adgroup=TEST_ADDGROUP, utm_campaign=TESTCAMPAIGN, utm_source=INTERNAL_BOT, columnName=lead_status, account=TEST_ACCOUNT, campaign=TEST_CAMPAIGN, columnValue=NEW, city=bangalore}</td></tr></table><p class="totop"><a href="#summary">back to summary</a></p></body></html>