<?xml version="1.0" encoding="UTF-8"?>
<testng-results skipped="2" failed="1" total="5" passed="2">
  <reporter-output>
  </reporter-output>
  <suite name="Default suite" duration-ms="44508" started-at="2015-11-20T12:13:00Z" finished-at="2015-11-20T12:13:44Z">
    <groups>
      <group name="p1">
        <method signature="HousejoyPlumbingPageTest_6.testHousejoyPlumbingPage(java.util.Map)[pri:0, instance:testNG.HousejoyPlumbingPageTest_6@378d0a23]" name="testHousejoyPlumbingPage" class="testNG.HousejoyPlumbingPageTest_6"/>
        <method signature="HousejoyPlumbingPageTest_6.testHousejoyPlumbingBookPage(java.util.Map)[pri:0, instance:testNG.HousejoyPlumbingPageTest_6@378d0a23]" name="testHousejoyPlumbingBookPage" class="testNG.HousejoyPlumbingPageTest_6"/>
        <method signature="HousejoyPlumbingPageTest_6.testHousejoyPlumbingSemTrackingTable(java.util.Map)[pri:0, instance:testNG.HousejoyPlumbingPageTest_6@378d0a23]" name="testHousejoyPlumbingSemTrackingTable" class="testNG.HousejoyPlumbingPageTest_6"/>
        <method signature="HousejoyPlumbingPageTest_6.testLeadMasterTableValidation(java.lang.String, java.lang.String, java.lang.String, java.lang.String, java.lang.String, java.lang.String)[pri:0, instance:testNG.HousejoyPlumbingPageTest_6@378d0a23]" name="testLeadMasterTableValidation" class="testNG.HousejoyPlumbingPageTest_6"/>
        <method signature="HousejoyPlumbingPageTest_6.testVerifyHousejoyPlumbingThankUPageData(java.lang.String)[pri:0, instance:testNG.HousejoyPlumbingPageTest_6@378d0a23]" name="testVerifyHousejoyPlumbingThankUPageData" class="testNG.HousejoyPlumbingPageTest_6"/>
      </group> <!-- p1 -->
    </groups>
    <test name="Default test" duration-ms="44508" started-at="2015-11-20T12:13:00Z" finished-at="2015-11-20T12:13:44Z">
      <class name="testNG.HousejoyPlumbingPageTest_6">
        <test-method status="PASS" signature="setup()[pri:0, instance:testNG.HousejoyPlumbingPageTest_6@378d0a23]" name="setup" is-config="true" duration-ms="4313" started-at="2015-11-20T17:43:00Z" finished-at="2015-11-20T17:43:04Z">
          <reporter-output>
          </reporter-output>
        </test-method> <!-- setup -->
        <test-method status="PASS" signature="testHousejoyPlumbingPage(java.util.Map)[pri:0, instance:testNG.HousejoyPlumbingPageTest_6@378d0a23]" name="testHousejoyPlumbingPage" duration-ms="8340" started-at="2015-11-20T17:43:04Z" data-provider="pageValues" finished-at="2015-11-20T17:43:12Z">
          <params>
            <param index="0">
              <value>
                <![CDATA[{custMobileNum=1234512345, QA_Url_7=http://qasem.housejoy.in/promotions/plumbing/7?utm_source=INTERNAL_BOT&utm_medium=CPC&utm_term=TEST_TERM&utm_content=TEST_CONTENT&utm_campaign=TESTCAMPAIGN&account=TEST_ACCOUNT&campaign=TEST_CAMPAIGN&adgroup=TEST_ADDGROUP&city=Bangalore, Prod_Url_6=http://plumbing.housejoy.in/promotions/plumbing/6/?utm_source=INTERNAL_BOT&utm_medium=CPC&utm_term=TEST_TERM&utm_content=TEST_CONTENT&utm_campaign=TESTCAMPAIGN&account=TEST_ACCOUNT&campaign=TEST_CAMPAIGN&adgroup=TEST_ADDGROUP&city=Bangalore, Prod_Url_7=http://plumbing.housejoy.in/promotions/plumbing/7/?utm_source=INTERNAL_BOT&utm_medium=CPC&utm_term=TEST_TERM&utm_content=TEST_CONTENT&utm_campaign=TESTCAMPAIGN&account=TEST_ACCOUNT&campaign=TEST_CAMPAIGN&adgroup=TEST_ADDGROUP&city=Bangalore, custEmail=test123@housejoy.in, cityName=Bangalore, custName=Auto Plumbing, QA_Url_6=http://qasem.housejoy.in/promotions/plumbing/6?utm_source=INTERNAL_BOT&utm_medium=CPC&utm_term=TEST_TERM&utm_content=TEST_CONTENT&utm_campaign=TESTCAMPAIGN&account=TEST_ACCOUNT&campaign=TEST_CAMPAIGN&adgroup=TEST_ADDGROUP&city=Bangalore}]]>
              </value>
            </param>
          </params>
          <reporter-output>
          </reporter-output>
        </test-method> <!-- testHousejoyPlumbingPage -->
        <test-method status="PASS" signature="testHousejoyPlumbingSemTrackingTable(java.util.Map)[pri:0, instance:testNG.HousejoyPlumbingPageTest_6@378d0a23]" name="testHousejoyPlumbingSemTrackingTable" duration-ms="10578" started-at="2015-11-20T17:43:12Z" data-provider="testWithMap" depends-on-methods="testNG.HousejoyPlumbingPageTest_6.testHousejoyPlumbingPage" finished-at="2015-11-20T17:43:23Z">
          <params>
            <param index="0">
              <value>
                <![CDATA[{utm_content=TEST_CONTENT, utm_medium=CPC, adgroup=TEST_ADDGROUP, utm_campaign=TESTCAMPAIGN, utm_source=INTERNAL_BOT, columnName=lead_status, account=TEST_ACCOUNT, campaign=TEST_CAMPAIGN, columnValue=NEW, city=bangalore}]]>
              </value>
            </param>
          </params>
          <reporter-output>
          </reporter-output>
        </test-method> <!-- testHousejoyPlumbingSemTrackingTable -->
        <test-method status="FAIL" signature="testHousejoyPlumbingBookPage(java.util.Map)[pri:0, instance:testNG.HousejoyPlumbingPageTest_6@378d0a23]" name="testHousejoyPlumbingBookPage" duration-ms="20960" started-at="2015-11-20T17:43:23Z" data-provider="plumbingservicereq" depends-on-methods="testNG.HousejoyPlumbingPageTest_6.testHousejoyPlumbingPage" finished-at="2015-11-20T17:43:44Z">
          <params>
            <param index="0">
              <value>
                <![CDATA[{pinCode=560037, bookingTime=1, location=Marathalli, custEmail=test123@housejoy.in, CouponText=coupon applied, couponCode=autotest1, verifyPage=Thanks for Being Awesome!

You are just one step away from fixing your plumbing problems, verifyMobilePage=You are just one step away from fixing your plumbing problems, locationAddress=Marathalli Bridge}]]>
              </value>
            </param>
          </params>
          <exception class="org.openqa.selenium.NoSuchElementException">
            <message>
              <![CDATA[Unable to locate element: {"method":"xpath","selector":"//div[starts-with(@class,'datepicker-days')]/table/thead/tr[1]/th[3]"}
Command duration or timeout: 20.07 seconds
For documentation on this error, please visit: http://seleniumhq.org/exceptions/no_such_element.html
Build info: version: '2.48.2', revision: '41bccdd', time: '2015-10-09 19:59:12'
System info: host: 'Kishlay', ip: '10.10.10.89', os.name: 'Windows 7', os.arch: 'amd64', os.version: '6.1', java.version: '1.7.0_79'
*** Element info: {Using=xpath, value=//div[starts-with(@class,'datepicker-days')]/table/thead/tr[1]/th[3]}
Session ID: 8300f2a6-02b4-4718-954f-391f9df1ead4
Driver info: org.openqa.selenium.firefox.FirefoxDriver
Capabilities [{platform=WINDOWS, acceptSslCerts=true, javascriptEnabled=true, cssSelectorsEnabled=true, databaseEnabled=true, browserName=firefox, handlesAlerts=true, nativeEvents=false, webStorageEnabled=true, rotatable=false, locationContextEnabled=true, applicationCacheEnabled=true, takesScreenshot=true, version=38.4.0}]]]>
            </message>
            <full-stacktrace>
              <![CDATA[org.openqa.selenium.NoSuchElementException: Unable to locate element: {"method":"xpath","selector":"//div[starts-with(@class,'datepicker-days')]/table/thead/tr[1]/th[3]"}
Command duration or timeout: 20.07 seconds
For documentation on this error, please visit: http://seleniumhq.org/exceptions/no_such_element.html
Build info: version: '2.48.2', revision: '41bccdd', time: '2015-10-09 19:59:12'
System info: host: 'Kishlay', ip: '10.10.10.89', os.name: 'Windows 7', os.arch: 'amd64', os.version: '6.1', java.version: '1.7.0_79'
*** Element info: {Using=xpath, value=//div[starts-with(@class,'datepicker-days')]/table/thead/tr[1]/th[3]}
Session ID: 8300f2a6-02b4-4718-954f-391f9df1ead4
Driver info: org.openqa.selenium.firefox.FirefoxDriver
Capabilities [{platform=WINDOWS, acceptSslCerts=true, javascriptEnabled=true, cssSelectorsEnabled=true, databaseEnabled=true, browserName=firefox, handlesAlerts=true, nativeEvents=false, webStorageEnabled=true, rotatable=false, locationContextEnabled=true, applicationCacheEnabled=true, takesScreenshot=true, version=38.4.0}]
	at sun.reflect.NativeConstructorAccessorImpl.newInstance0(Native Method)
	at sun.reflect.NativeConstructorAccessorImpl.newInstance(Unknown Source)
	at sun.reflect.DelegatingConstructorAccessorImpl.newInstance(Unknown Source)
	at java.lang.reflect.Constructor.newInstance(Unknown Source)
	at org.openqa.selenium.remote.ErrorHandler.createThrowable(ErrorHandler.java:206)
	at org.openqa.selenium.remote.ErrorHandler.throwIfResponseFailed(ErrorHandler.java:158)
	at org.openqa.selenium.remote.RemoteWebDriver.execute(RemoteWebDriver.java:647)
	at org.openqa.selenium.remote.RemoteWebDriver.findElement(RemoteWebDriver.java:353)
	at org.openqa.selenium.remote.RemoteWebDriver.findElementByXPath(RemoteWebDriver.java:490)
	at org.openqa.selenium.By$ByXPath.findElement(By.java:361)
	at org.openqa.selenium.remote.RemoteWebDriver.findElement(RemoteWebDriver.java:345)
	at org.openqa.selenium.support.pagefactory.DefaultElementLocator.findElement(DefaultElementLocator.java:69)
	at org.openqa.selenium.support.pagefactory.internal.LocatingElementHandler.invoke(LocatingElementHandler.java:38)
	at com.sun.proxy.$Proxy6.click(Unknown Source)
	at org.housejoy.common.tools.BasePage.clickElement(BasePage.java:84)
	at org.housejoy.common.tools.BasePage.SelectDate(BasePage.java:138)
	at org.housejoy.pom.plumbing.PlumbingServiceRequestPage.selectDateFromDatePicker(PlumbingServiceRequestPage.java:93)
	at testNG.HousejoyPlumbingPageTest_6.testHousejoyPlumbingBookPage(HousejoyPlumbingPageTest_6.java:109)
	at sun.reflect.NativeMethodAccessorImpl.invoke0(Native Method)
	at sun.reflect.NativeMethodAccessorImpl.invoke(Unknown Source)
	at sun.reflect.DelegatingMethodAccessorImpl.invoke(Unknown Source)
	at java.lang.reflect.Method.invoke(Unknown Source)
	at org.testng.internal.MethodInvocationHelper.invokeMethod(MethodInvocationHelper.java:85)
	at org.testng.internal.Invoker.invokeMethod(Invoker.java:639)
	at org.testng.internal.Invoker.invokeTestMethod(Invoker.java:821)
	at org.testng.internal.Invoker.invokeTestMethods(Invoker.java:1131)
	at org.testng.internal.TestMethodWorker.invokeTestMethods(TestMethodWorker.java:124)
	at org.testng.internal.TestMethodWorker.run(TestMethodWorker.java:108)
	at org.testng.TestRunner.privateRun(TestRunner.java:773)
	at org.testng.TestRunner.run(TestRunner.java:623)
	at org.testng.SuiteRunner.runTest(SuiteRunner.java:357)
	at org.testng.SuiteRunner.runSequentially(SuiteRunner.java:352)
	at org.testng.SuiteRunner.privateRun(SuiteRunner.java:310)
	at org.testng.SuiteRunner.run(SuiteRunner.java:259)
	at org.testng.SuiteRunnerWorker.runSuite(SuiteRunnerWorker.java:52)
	at org.testng.SuiteRunnerWorker.run(SuiteRunnerWorker.java:86)
	at org.testng.TestNG.runSuitesSequentially(TestNG.java:1185)
	at org.testng.TestNG.runSuitesLocally(TestNG.java:1110)
	at org.testng.TestNG.run(TestNG.java:1018)
	at org.testng.remote.RemoteTestNG.run(RemoteTestNG.java:111)
	at org.testng.remote.RemoteTestNG.initAndRun(RemoteTestNG.java:204)
	at org.testng.remote.RemoteTestNG.main(RemoteTestNG.java:175)
Caused by: org.openqa.selenium.NoSuchElementException: Unable to locate element: {"method":"xpath","selector":"//div[starts-with(@class,'datepicker-days')]/table/thead/tr[1]/th[3]"}
For documentation on this error, please visit: http://seleniumhq.org/exceptions/no_such_element.html
Build info: version: '2.48.2', revision: '41bccdd', time: '2015-10-09 19:59:12'
System info: host: 'Kishlay', ip: '10.10.10.89', os.name: 'Windows 7', os.arch: 'amd64', os.version: '6.1', java.version: '1.7.0_79'
Driver info: driver.version: unknown
	at <anonymous class>.FirefoxDriver.prototype.findElementInternal_(file:///C:/Users/user/AppData/Local/Temp/anonymous4111463277621909502webdriver-profile/extensions/fxdriver@googlecode.com/components/driver-component.js:10659)
	at <anonymous class>.fxdriver.Timer.prototype.setTimeout/<.notify(file:///C:/Users/user/AppData/Local/Temp/anonymous4111463277621909502webdriver-profile/extensions/fxdriver@googlecode.com/components/driver-component.js:621)
]]>
            </full-stacktrace>
          </exception> <!-- org.openqa.selenium.NoSuchElementException -->
          <reporter-output>
          </reporter-output>
        </test-method> <!-- testHousejoyPlumbingBookPage -->
        <test-method status="SKIP" signature="testLeadMasterTableValidation(java.lang.String, java.lang.String, java.lang.String, java.lang.String, java.lang.String, java.lang.String)[pri:0, instance:testNG.HousejoyPlumbingPageTest_6@378d0a23]" name="testLeadMasterTableValidation" duration-ms="0" started-at="2015-11-20T17:43:44Z" data-provider="leadTableValues" depends-on-methods="testNG.HousejoyPlumbingPageTest_6.testHousejoyPlumbingBookPage" finished-at="2015-11-20T17:43:44Z">
          <exception class="java.lang.Throwable">
            <message>
              <![CDATA[Method HousejoyPlumbingPageTest_6.testLeadMasterTableValidation(java.lang.String, java.lang.String, java.lang.String, java.lang.String, java.lang.String, java.lang.String)[pri:0, instance:testNG.HousejoyPlumbingPageTest_6@378d0a23] depends on not successfully finished methods]]>
            </message>
            <full-stacktrace>
              <![CDATA[java.lang.Throwable: Method HousejoyPlumbingPageTest_6.testLeadMasterTableValidation(java.lang.String, java.lang.String, java.lang.String, java.lang.String, java.lang.String, java.lang.String)[pri:0, instance:testNG.HousejoyPlumbingPageTest_6@378d0a23] depends on not successfully finished methods
	at org.testng.internal.Invoker.invokeTestMethods(Invoker.java:1040)
	at org.testng.internal.TestMethodWorker.invokeTestMethods(TestMethodWorker.java:124)
	at org.testng.internal.TestMethodWorker.run(TestMethodWorker.java:108)
	at org.testng.TestRunner.privateRun(TestRunner.java:773)
	at org.testng.TestRunner.run(TestRunner.java:623)
	at org.testng.SuiteRunner.runTest(SuiteRunner.java:357)
	at org.testng.SuiteRunner.runSequentially(SuiteRunner.java:352)
	at org.testng.SuiteRunner.privateRun(SuiteRunner.java:310)
	at org.testng.SuiteRunner.run(SuiteRunner.java:259)
	at org.testng.SuiteRunnerWorker.runSuite(SuiteRunnerWorker.java:52)
	at org.testng.SuiteRunnerWorker.run(SuiteRunnerWorker.java:86)
	at org.testng.TestNG.runSuitesSequentially(TestNG.java:1185)
	at org.testng.TestNG.runSuitesLocally(TestNG.java:1110)
	at org.testng.TestNG.run(TestNG.java:1018)
	at org.testng.remote.RemoteTestNG.run(RemoteTestNG.java:111)
	at org.testng.remote.RemoteTestNG.initAndRun(RemoteTestNG.java:204)
	at org.testng.remote.RemoteTestNG.main(RemoteTestNG.java:175)
]]>
            </full-stacktrace>
          </exception> <!-- java.lang.Throwable -->
          <reporter-output>
          </reporter-output>
        </test-method> <!-- testLeadMasterTableValidation -->
        <test-method status="SKIP" signature="testVerifyHousejoyPlumbingThankUPageData(java.lang.String)[pri:0, instance:testNG.HousejoyPlumbingPageTest_6@378d0a23]" name="testVerifyHousejoyPlumbingThankUPageData" duration-ms="0" started-at="2015-11-20T17:43:44Z" data-provider="verifyPlumbingData" depends-on-methods="testNG.HousejoyPlumbingPageTest_6.testHousejoyPlumbingBookPage" finished-at="2015-11-20T17:43:44Z">
          <exception class="java.lang.Throwable">
            <message>
              <![CDATA[Method HousejoyPlumbingPageTest_6.testVerifyHousejoyPlumbingThankUPageData(java.lang.String)[pri:0, instance:testNG.HousejoyPlumbingPageTest_6@378d0a23] depends on not successfully finished methods]]>
            </message>
            <full-stacktrace>
              <![CDATA[java.lang.Throwable: Method HousejoyPlumbingPageTest_6.testVerifyHousejoyPlumbingThankUPageData(java.lang.String)[pri:0, instance:testNG.HousejoyPlumbingPageTest_6@378d0a23] depends on not successfully finished methods
	at org.testng.internal.Invoker.invokeTestMethods(Invoker.java:1040)
	at org.testng.internal.TestMethodWorker.invokeTestMethods(TestMethodWorker.java:124)
	at org.testng.internal.TestMethodWorker.run(TestMethodWorker.java:108)
	at org.testng.TestRunner.privateRun(TestRunner.java:773)
	at org.testng.TestRunner.run(TestRunner.java:623)
	at org.testng.SuiteRunner.runTest(SuiteRunner.java:357)
	at org.testng.SuiteRunner.runSequentially(SuiteRunner.java:352)
	at org.testng.SuiteRunner.privateRun(SuiteRunner.java:310)
	at org.testng.SuiteRunner.run(SuiteRunner.java:259)
	at org.testng.SuiteRunnerWorker.runSuite(SuiteRunnerWorker.java:52)
	at org.testng.SuiteRunnerWorker.run(SuiteRunnerWorker.java:86)
	at org.testng.TestNG.runSuitesSequentially(TestNG.java:1185)
	at org.testng.TestNG.runSuitesLocally(TestNG.java:1110)
	at org.testng.TestNG.run(TestNG.java:1018)
	at org.testng.remote.RemoteTestNG.run(RemoteTestNG.java:111)
	at org.testng.remote.RemoteTestNG.initAndRun(RemoteTestNG.java:204)
	at org.testng.remote.RemoteTestNG.main(RemoteTestNG.java:175)
]]>
            </full-stacktrace>
          </exception> <!-- java.lang.Throwable -->
          <reporter-output>
          </reporter-output>
        </test-method> <!-- testVerifyHousejoyPlumbingThankUPageData -->
        <test-method status="PASS" signature="teardown()[pri:0, instance:testNG.HousejoyPlumbingPageTest_6@378d0a23]" name="teardown" is-config="true" duration-ms="278" started-at="2015-11-20T17:43:44Z" finished-at="2015-11-20T17:43:44Z">
          <reporter-output>
          </reporter-output>
        </test-method> <!-- teardown -->
      </class> <!-- testNG.HousejoyPlumbingPageTest_6 -->
    </test> <!-- Default test -->
  </suite> <!-- Default suite -->
</testng-results>
